<?xml version="1.0" encoding="UTF-8"?>
<!-- Generated by org.testng.reporters.JUnitReportReporter -->
<testsuite skipped="0" hostname="Tharmai7" name="testNGTest$SimpleTest" tests="4" failures="0" timestamp="22 Nov 2018 02:10:36 GMT" time="0.025" errors="0">
  <testcase name="Test2" time="0.008" classname="testNGTest$SimpleTest"/>
  <testcase name="Test1" time="0.002" classname="testNGTest$SimpleTest"/>
  <testcase name="Test2" time="0.004" classname="testNGTest$SimpleTest"/>
  <testcase name="Test1" time="0.011" classname="testNGTest$SimpleTest"/>
</testsuite> <!-- testNGTest$SimpleTest -->
