<?xml version="1.0" encoding="UTF-8"?>
<!-- Generated by org.testng.reporters.JUnitReportReporter -->
<testsuite skipped="0" hostname="Tharmai7" name="com.testng.simpleTest.SimpleTest" tests="1" failures="0" timestamp="15 Nov 2018 00:58:13 GMT" time="0.012" errors="0">
  <testcase name="SimpleTest" time="0.012" classname="com.testng.simpleTest.SimpleTest"/>
</testsuite> <!-- com.testng.simpleTest.SimpleTest -->
