<?xml version="1.0" encoding="UTF-8"?>
<!-- Generated by org.testng.reporters.JUnitReportReporter -->
<testsuite skipped="0" hostname="Tharmai7" name="SameClassDataProvider" tests="2" failures="0" timestamp="18 Nov 2018 23:45:38 GMT" time="0.019" errors="0">
  <testcase name="testMethod" time="0.014" classname="SameClassDataProvider"/>
  <testcase name="testMethod" time="0.005" classname="SameClassDataProvider"/>
</testsuite> <!-- SameClassDataProvider -->
