<?xml version="1.0" encoding="UTF-8"?>
<!-- Generated by org.testng.reporters.JUnitReportReporter -->
<testsuite skipped="0" hostname="Tharmai7" name="com.testng.simpleTestpackage.SimpleTest" tests="6" failures="0" timestamp="15 Nov 2018 23:02:04 GMT" time="0.016" errors="0">
  <testcase name="Test2" time="0.000" classname="com.testng.simpleTestpackage.SimpleTest"/>
  <testcase name="Test1" time="0.000" classname="com.testng.simpleTestpackage.SimpleTest"/>
  <testcase name="Test2" time="0.000" classname="com.testng.simpleTestpackage.SimpleTest"/>
  <testcase name="Test2" time="0.000" classname="com.testng.simpleTestpackage.SimpleTest"/>
  <testcase name="Test1" time="0.000" classname="com.testng.simpleTestpackage.SimpleTest"/>
  <testcase name="Test1" time="0.016" classname="com.testng.simpleTestpackage.SimpleTest"/>
</testsuite> <!-- com.testng.simpleTestpackage.SimpleTest -->
