<?xml version="1.0" encoding="UTF-8"?>
<!-- Generated by org.testng.reporters.JUnitReportReporter -->
<testsuite skipped="0" hostname="Tharmai7" name="com.testng.simpleTest.MyFirstTest" tests="1" failures="0" timestamp="15 Nov 2018 00:39:21 GMT" time="0.012" errors="0">
  <testcase name="f" time="0.012" classname="com.testng.simpleTest.MyFirstTest"/>
</testsuite> <!-- com.testng.simpleTest.MyFirstTest -->
