<?xml version="1.0" encoding="UTF-8"?>
<!-- Generated by org.testng.reporters.JUnitReportReporter -->
<testsuite skipped="0" hostname="Tharmai7" name="DataProviderTestClass" tests="3" failures="0" timestamp="19 Nov 2018 01:44:01 GMT" time="0.017" errors="0">
  <testcase name="testMethod" time="0.010" classname="DataProviderTestClass"/>
  <testcase name="testMethod" time="0.003" classname="DataProviderTestClass"/>
  <testcase name="testMethod" time="0.004" classname="DataProviderTestClass"/>
</testsuite> <!-- DataProviderTestClass -->
